<?xml version="1.0" encoding="UTF-8"?>
<!-- Generated by org.testng.reporters.JUnitXMLReporter -->
<testsuite ignored="2" hostname="DESKTOP-TK52E9L" failures="0" tests="2" name="Test" time="0.058" errors="0" timestamp="2024-09-04T17:08:05 IST">
  <testcase classname="Testng.Testngdemo" name="test2" time="0.012"/>
  <testcase classname="Testng.Testngdemo" name="test3" time="0.002"/>
  <testcase classname="Testng.Testngdemo" name="test1" time="0.0">
    <ignored/>
  </testcase> <!-- test1 -->
  <testcase classname="Testng.Testngdemo" name="test4" time="0.0">
    <ignored/>
  </testcase> <!-- test4 -->
</testsuite> <!-- Test -->
