<?xml version="1.0" encoding="UTF-8"?>
<testng-results ignored="0" total="1" passed="1" failed="0" skipped="0">
  <reporter-output>
  </reporter-output>
  <suite started-at="2024-09-24T16:43:00 IST" name="Default suite" finished-at="2024-09-24T16:43:05 IST" duration-ms="5453">
    <groups>
    </groups>
    <test started-at="2024-09-24T16:43:00 IST" name="Default test" finished-at="2024-09-24T16:43:05 IST" duration-ms="5453">
      <class name="Testpkg.Testclass">
        <test-method is-config="true" signature="setup()[pri:0, instance:Testpkg.Testclass@20140db9]" started-at="2024-09-24T16:43:00 IST" name="setup" finished-at="2024-09-24T16:43:05 IST" duration-ms="5095" status="PASS">
          <reporter-output>
          </reporter-output>
        </test-method> <!-- setup -->
        <test-method signature="test()[pri:0, instance:Testpkg.Testclass@20140db9]" started-at="2024-09-24T16:43:05 IST" name="test" finished-at="2024-09-24T16:43:05 IST" duration-ms="320" status="PASS">
          <reporter-output>
          </reporter-output>
        </test-method> <!-- test -->
      </class> <!-- Testpkg.Testclass -->
    </test> <!-- Default test -->
  </suite> <!-- Default suite -->
</testng-results>
